<?xml version="1.0" encoding="UTF-8"?>
<!-- Generated by org.testng.reporters.JUnitReportReporter -->
<testsuite hostname="Lenovo" failures="0" tests="1" name="testCases.TC001_AccountRegistrationTest" time="4.224" errors="0" timestamp="2024-08-29T18:59:12 IST" skipped="0">
  <testcase classname="testCases.TC001_AccountRegistrationTest" name="verify_account_registration" time="4.224"/>
</testsuite> <!-- testCases.TC001_AccountRegistrationTest -->
