<?xml version="1.0" encoding="UTF-8"?>
<!-- Generated by org.testng.reporters.JUnitReportReporter -->
<testsuite hostname="Lenovo" failures="0" tests="4" name="testCases.TC003_LoginDDT" time="28.019" errors="0" timestamp="2024-08-27T15:15:56 IST" skipped="0">
  <testcase classname="testCases.TC003_LoginDDT" name="verify_loginDDT" time="11.459"/>
  <testcase classname="testCases.TC003_LoginDDT" name="verify_loginDDT" time="11.712"/>
  <testcase classname="testCases.TC003_LoginDDT" name="verify_loginDDT" time="2.389"/>
  <testcase classname="testCases.TC003_LoginDDT" name="verify_loginDDT" time="2.459"/>
</testsuite> <!-- testCases.TC003_LoginDDT -->
