<?xml version="1.0" encoding="UTF-8"?>
<!-- Generated by org.testng.reporters.JUnitReportReporter -->
<testsuite hostname="Lenovo" failures="0" tests="1" name="testCases.TC002_LoginTest" time="1.813" errors="0" timestamp="2024-08-29T15:36:14 IST" skipped="0">
  <testcase classname="testCases.TC002_LoginTest" name="verify_login" time="1.813"/>
</testsuite> <!-- testCases.TC002_LoginTest -->
