<?xml version="1.0" encoding="UTF-8"?>
<!-- Generated by org.testng.reporters.JUnitReportReporter -->
<testsuite hostname="Lenovo" failures="0" tests="4" name="testCases.TC003_LoginDDT" time="35.698" errors="0" timestamp="2024-08-28T14:15:16 IST" skipped="0">
  <testcase classname="testCases.TC003_LoginDDT" name="verify_loginDDT" time="8.839"/>
  <testcase classname="testCases.TC003_LoginDDT" name="verify_loginDDT" time="11.455"/>
  <testcase classname="testCases.TC003_LoginDDT" name="verify_loginDDT" time="2.381"/>
  <testcase classname="testCases.TC003_LoginDDT" name="verify_loginDDT" time="13.023"/>
</testsuite> <!-- testCases.TC003_LoginDDT -->
